Command line invocation:
    /Applications/Xcode.app/Contents/Developer/usr/bin/xcodebuild -scheme ImagenResizer -destination platform=macOS build

Resolve Package Graph


Resolved source packages:
  SDWebImage: https://github.com/SDWebImage/SDWebImage.git @ 5.21.5
  SDWebImageWebPCoder: https://github.com/SDWebImage/SDWebImageWebPCoder.git @ 0.15.0
  libwebp: https://github.com/SDWebImage/libwebp-Xcode.git @ 1.5.0

--- xcodebuild: WARNING: Using the first of multiple matching destinations:
{ platform:macOS, arch:arm64, id:00006020-001E50661A20C01E, name:My Mac }
{ platform:macOS, arch:x86_64, id:00006020-001E50661A20C01E, name:My Mac }
ComputePackagePrebuildTargetDependencyGraph

Prepare packages

CreateBuildRequest

SendProjectDescription

CreateBuildOperation

ComputeTargetDependencyGraph
note: Building targets in dependency order
note: Target dependency graph (8 targets)
    Target 'ImagenResizer' in project 'ImagenResizer'
        ➜ Explicit dependency on target 'SDWebImageWebPCoder' in project 'SDWebImageWebPCoder'
    Target 'SDWebImageWebPCoder' in project 'SDWebImageWebPCoder'
        ➜ Explicit dependency on target 'SDWebImageWebPCoder' in project 'SDWebImageWebPCoder'
        ➜ Explicit dependency on target 'SDWebImage' in project 'SDWebImage'
        ➜ Explicit dependency on target 'libwebp' in project 'libwebp'
    Target 'SDWebImageWebPCoder' in project 'SDWebImageWebPCoder'
        ➜ Explicit dependency on target 'SDWebImage' in project 'SDWebImage'
        ➜ Explicit dependency on target 'libwebp' in project 'libwebp'
    Target 'libwebp' in project 'libwebp'
        ➜ Explicit dependency on target 'libwebp' in project 'libwebp'
    Target 'libwebp' in project 'libwebp' (no dependencies)
    Target 'SDWebImage' in project 'SDWebImage'
        ➜ Explicit dependency on target 'SDWebImage' in project 'SDWebImage'
        ➜ Explicit dependency on target 'SDWebImage_SDWebImage' in project 'SDWebImage'
    Target 'SDWebImage' in project 'SDWebImage'
        ➜ Explicit dependency on target 'SDWebImage_SDWebImage' in project 'SDWebImage'
    Target 'SDWebImage_SDWebImage' in project 'SDWebImage' (no dependencies)

GatherProvisioningInputs

CreateBuildDescription

ExecuteExternalTool /Applications/Xcode.app/Contents/Developer/Toolchains/XcodeDefault.xctoolchain/usr/bin/clang -v -E -dM -isysroot /Applications/Xcode.app/Contents/Developer/Platforms/MacOSX.platform/Developer/SDKs/MacOSX26.2.sdk -x c -c /dev/null

ExecuteExternalTool /Applications/Xcode.app/Contents/Developer/Toolchains/XcodeDefault.xctoolchain/usr/bin/clang -v -E -dM -arch arm64 -isysroot /Applications/Xcode.app/Contents/Developer/Platforms/MacOSX.platform/Developer/SDKs/MacOSX26.2.sdk -x objective-c -c /dev/null

ExecuteExternalTool /Applications/Xcode.app/Contents/Developer/usr/bin/actool --version --output-format xml1

ExecuteExternalTool /Applications/Xcode.app/Contents/Developer/Toolchains/XcodeDefault.xctoolchain/usr/bin/clang -v -E -dM -arch arm64 -isysroot /Applications/Xcode.app/Contents/Developer/Platforms/MacOSX.platform/Developer/SDKs/MacOSX26.2.sdk -x c -c /dev/null

ExecuteExternalTool /Applications/Xcode.app/Contents/Developer/Toolchains/XcodeDefault.xctoolchain/usr/bin/swiftc --version

ExecuteExternalTool /Applications/Xcode.app/Contents/Developer/Toolchains/XcodeDefault.xctoolchain/usr/bin/ld -version_details

Build description signature: c66c4dc894054cb1dba8067d3902f10c
Build description path: /Users/christiancepeda/Library/Developer/Xcode/DerivedData/ImagenResizer-gysglmyzblicynfbtkonusozoqqi/Build/Intermediates.noindex/XCBuildData/c66c4dc894054cb1dba8067d3902f10c.xcbuilddata
ClangStatCache /Applications/Xcode.app/Contents/Developer/Toolchains/XcodeDefault.xctoolchain/usr/bin/clang-stat-cache /Applications/Xcode.app/Contents/Developer/Platforms/MacOSX.platform/Developer/SDKs/MacOSX26.2.sdk /Users/christiancepeda/Library/Developer/Xcode/DerivedData/SDKStatCaches.noindex/macosx26.2-25C57-00fa09913b459cbbc988d1f6730289ae.sdkstatcache
    cd /Users/christiancepeda/Documents/xcodeProject/ImagenResizer/ImagenResizer.xcodeproj
    /Applications/Xcode.app/Contents/Developer/Toolchains/XcodeDefault.xctoolchain/usr/bin/clang-stat-cache /Applications/Xcode.app/Contents/Developer/Platforms/MacOSX.platform/Developer/SDKs/MacOSX26.2.sdk -o /Users/christiancepeda/Library/Developer/Xcode/DerivedData/SDKStatCaches.noindex/macosx26.2-25C57-00fa09913b459cbbc988d1f6730289ae.sdkstatcache

ProcessInfoPlistFile /Users/christiancepeda/Library/Developer/Xcode/DerivedData/ImagenResizer-gysglmyzblicynfbtkonusozoqqi/Build/Products/Release/SDWebImage_SDWebImage.bundle/Contents/Info.plist /Users/christiancepeda/Library/Developer/Xcode/DerivedData/ImagenResizer-gysglmyzblicynfbtkonusozoqqi/Build/Intermediates.noindex/SDWebImage.build/Release/SDWebImage_SDWebImage.build/empty-SDWebImage_SDWebImage.plist (in target 'SDWebImage_SDWebImage' from project 'SDWebImage')
    cd /Users/christiancepeda/Library/Developer/Xcode/DerivedData/ImagenResizer-gysglmyzblicynfbtkonusozoqqi/SourcePackages/checkouts/SDWebImage
    builtin-infoPlistUtility /Users/christiancepeda/Library/Developer/Xcode/DerivedData/ImagenResizer-gysglmyzblicynfbtkonusozoqqi/Build/Intermediates.noindex/SDWebImage.build/Release/SDWebImage_SDWebImage.build/empty-SDWebImage_SDWebImage.plist -producttype com.apple.product-type.bundle -expandbuildsettings -platform macosx -o /Users/christiancepeda/Library/Developer/Xcode/DerivedData/ImagenResizer-gysglmyzblicynfbtkonusozoqqi/Build/Products/Release/SDWebImage_SDWebImage.bundle/Contents/Info.plist

ProcessProductPackaging "" /Users/christiancepeda/Library/Developer/Xcode/DerivedData/ImagenResizer-gysglmyzblicynfbtkonusozoqqi/Build/Intermediates.noindex/ImagenResizer.build/Release/ImagenResizer.build/ImagenResizer.app.xcent (in target 'ImagenResizer' from project 'ImagenResizer')
    cd /Users/christiancepeda/Documents/xcodeProject/ImagenResizer
    
    Entitlements:
    
    {
    "com.apple.security.app-sandbox" = 1;
    "com.apple.security.files.user-selected.read-write" = 1;
    "com.apple.security.get-task-allow" = 1;
}
    
    builtin-productPackagingUtility -entitlements -format xml -o /Users/christiancepeda/Library/Developer/Xcode/DerivedData/ImagenResizer-gysglmyzblicynfbtkonusozoqqi/Build/Intermediates.noindex/ImagenResizer.build/Release/ImagenResizer.build/ImagenResizer.app.xcent

ProcessProductPackagingDER /Users/christiancepeda/Library/Developer/Xcode/DerivedData/ImagenResizer-gysglmyzblicynfbtkonusozoqqi/Build/Intermediates.noindex/ImagenResizer.build/Release/ImagenResizer.build/ImagenResizer.app.xcent /Users/christiancepeda/Library/Developer/Xcode/DerivedData/ImagenResizer-gysglmyzblicynfbtkonusozoqqi/Build/Intermediates.noindex/ImagenResizer.build/Release/ImagenResizer.build/ImagenResizer.app.xcent.der (in target 'ImagenResizer' from project 'ImagenResizer')
    cd /Users/christiancepeda/Documents/xcodeProject/ImagenResizer
    /usr/bin/derq query -f xml -i /Users/christiancepeda/Library/Developer/Xcode/DerivedData/ImagenResizer-gysglmyzblicynfbtkonusozoqqi/Build/Intermediates.noindex/ImagenResizer.build/Release/ImagenResizer.build/ImagenResizer.app.xcent -o /Users/christiancepeda/Library/Developer/Xcode/DerivedData/ImagenResizer-gysglmyzblicynfbtkonusozoqqi/Build/Intermediates.noindex/ImagenResizer.build/Release/ImagenResizer.build/ImagenResizer.app.xcent.der --raw

SwiftDriver ImagenResizer normal arm64 com.apple.xcode.tools.swift.compiler (in target 'ImagenResizer' from project 'ImagenResizer')
    cd /Users/christiancepeda/Documents/xcodeProject/ImagenResizer
    builtin-SwiftDriver -- /Applications/Xcode.app/Contents/Developer/Toolchains/XcodeDefault.xctoolchain/usr/bin/swiftc -module-name ImagenResizer -O -whole-module-optimization -enforce-exclusivity\=checked @/Users/christiancepeda/Library/Developer/Xcode/DerivedData/ImagenResizer-gysglmyzblicynfbtkonusozoqqi/Build/Intermediates.noindex/ImagenResizer.build/Release/ImagenResizer.build/Objects-normal/arm64/ImagenResizer.SwiftFileList -Xcc -fmodule-map-file\=/Users/christiancepeda/Library/Developer/Xcode/DerivedData/ImagenResizer-gysglmyzblicynfbtkonusozoqqi/Build/Intermediates.noindex/GeneratedModuleMaps/SDWebImage.modulemap -Xcc -fmodule-map-file\=/Users/christiancepeda/Library/Developer/Xcode/DerivedData/ImagenResizer-gysglmyzblicynfbtkonusozoqqi/Build/Intermediates.noindex/GeneratedModuleMaps/libwebp.modulemap -Xcc -fmodule-map-file\=/Users/christiancepeda/Library/Developer/Xcode/DerivedData/ImagenResizer-gysglmyzblicynfbtkonusozoqqi/Build/Intermediates.noindex/GeneratedModuleMaps/SDWebImageWebPCoder.modulemap -default-isolation\=MainActor -enable-bare-slash-regex -enable-upcoming-feature DisableOutwardActorInference -enable-upcoming-feature InferSendableFromCaptures -enable-upcoming-feature GlobalActorIsolatedTypesUsability -enable-upcoming-feature MemberImportVisibility -enable-upcoming-feature InferIsolatedConformances -enable-upcoming-feature NonisolatedNonsendingByDefault -enable-experimental-feature DebugDescriptionMacro -sdk /Applications/Xcode.app/Contents/Developer/Platforms/MacOSX.platform/Developer/SDKs/MacOSX26.2.sdk -target arm64-apple-macos26.2 -g -module-cache-path /Users/christiancepeda/Library/Developer/Xcode/DerivedData/ModuleCache.noindex -Xfrontend -serialize-debugging-options -swift-version 5 -I /Users/christiancepeda/Library/Developer/Xcode/DerivedData/ImagenResizer-gysglmyzblicynfbtkonusozoqqi/Build/Products/Release -F /Users/christiancepeda/Library/Developer/Xcode/DerivedData/ImagenResizer-gysglmyzblicynfbtkonusozoqqi/Build/Products/Release/PackageFrameworks -F /Users/christiancepeda/Library/Developer/Xcode/DerivedData/ImagenResizer-gysglmyzblicynfbtkonusozoqqi/Build/Products/Release/PackageFrameworks -F /Users/christiancepeda/Library/Developer/Xcode/DerivedData/ImagenResizer-gysglmyzblicynfbtkonusozoqqi/Build/Products/Release/PackageFrameworks -F /Users/christiancepeda/Library/Developer/Xcode/DerivedData/ImagenResizer-gysglmyzblicynfbtkonusozoqqi/Build/Products/Release -emit-localized-strings -emit-localized-strings-path /Users/christiancepeda/Library/Developer/Xcode/DerivedData/ImagenResizer-gysglmyzblicynfbtkonusozoqqi/Build/Intermediates.noindex/ImagenResizer.build/Release/ImagenResizer.build/Objects-normal/arm64 -c -num-threads 12 -Xcc -ivfsstatcache -Xcc /Users/christiancepeda/Library/Developer/Xcode/DerivedData/SDKStatCaches.noindex/macosx26.2-25C57-00fa09913b459cbbc988d1f6730289ae.sdkstatcache -output-file-map /Users/christiancepeda/Library/Developer/Xcode/DerivedData/ImagenResizer-gysglmyzblicynfbtkonusozoqqi/Build/Intermediates.noindex/ImagenResizer.build/Release/ImagenResizer.build/Objects-normal/arm64/ImagenResizer-OutputFileMap.json -use-frontend-parseable-output -save-temps -no-color-diagnostics -explicit-module-build -module-cache-path /Users/christiancepeda/Library/Developer/Xcode/DerivedData/ImagenResizer-gysglmyzblicynfbtkonusozoqqi/Build/Intermediates.noindex/SwiftExplicitPrecompiledModules -clang-scanner-module-cache-path /Users/christiancepeda/Library/Developer/Xcode/DerivedData/ModuleCache.noindex -sdk-module-cache-path /Users/christiancepeda/Library/Developer/Xcode/DerivedData/ModuleCache.noindex -serialize-diagnostics -emit-dependencies -emit-module -emit-module-path /Users/christiancepeda/Library/Developer/Xcode/DerivedData/ImagenResizer-gysglmyzblicynfbtkonusozoqqi/Build/Intermediates.noindex/ImagenResizer.build/Release/ImagenResizer.build/Objects-normal/arm64/ImagenResizer.swiftmodule -validate-clang-modules-once -clang-build-session-file /Users/christiancepeda/Library/Developer/Xcode/DerivedData/ModuleCache.noindex/Session.modulevalidation -Xcc -I/Users/christiancepeda/Library/Developer/Xcode/DerivedData/ImagenResizer-gysglmyzblicynfbtkonusozoqqi/Build/Intermediates.noindex/ImagenResizer.build/Release/ImagenResizer.build/swift-overrides.hmap -emit-const-values -Xfrontend -const-gather-protocols-file -Xfrontend /Users/christiancepeda/Library/Developer/Xcode/DerivedData/ImagenResizer-gysglmyzblicynfbtkonusozoqqi/Build/Intermediates.noindex/ImagenResizer.build/Release/ImagenResizer.build/Objects-normal/arm64/ImagenResizer_const_extract_protocols.json -Xcc -iquote -Xcc /Users/christiancepeda/Library/Developer/Xcode/DerivedData/ImagenResizer-gysglmyzblicynfbtkonusozoqqi/Build/Intermediates.noindex/ImagenResizer.build/Release/ImagenResizer.build/ImagenResizer-generated-files.hmap -Xcc -I/Users/christiancepeda/Library/Developer/Xcode/DerivedData/ImagenResizer-gysglmyzblicynfbtkonusozoqqi/Build/Intermediates.noindex/ImagenResizer.build/Release/ImagenResizer.build/ImagenResizer-own-target-headers.hmap -Xcc -I/Users/christiancepeda/Library/Developer/Xcode/DerivedData/ImagenResizer-gysglmyzblicynfbtkonusozoqqi/Build/Intermediates.noindex/ImagenResizer.build/Release/ImagenResizer.build/ImagenResizer-all-non-framework-target-headers.hmap -Xcc -ivfsoverlay -Xcc /Users/christiancepeda/Library/Developer/Xcode/DerivedData/ImagenResizer-gysglmyzblicynfbtkonusozoqqi/Build/Intermediates.noindex/ImagenResizer.build/Release/ImagenResizer-e4f14676d9a6697691e884a288a35f2f-VFS/all-product-headers.yaml -Xcc -iquote -Xcc /Users/christiancepeda/Library/Developer/Xcode/DerivedData/ImagenResizer-gysglmyzblicynfbtkonusozoqqi/Build/Intermediates.noindex/ImagenResizer.build/Release/ImagenResizer.build/ImagenResizer-project-headers.hmap -Xcc -I/Users/christiancepeda/Library/Developer/Xcode/DerivedData/ImagenResizer-gysglmyzblicynfbtkonusozoqqi/SourcePackages/checkouts/SDWebImage/SDWebImage/include -Xcc -I/Users/christiancepeda/Library/Developer/Xcode/DerivedData/ImagenResizer-gysglmyzblicynfbtkonusozoqqi/SourcePackages/checkouts/libwebp-Xcode/include -Xcc -I/Users/christiancepeda/Library/Developer/Xcode/DerivedData/ImagenResizer-gysglmyzblicynfbtkonusozoqqi/SourcePackages/checkouts/SDWebImageWebPCoder/SDWebImageWebPCoder/Classes -Xcc -I/Users/christiancepeda/Library/Developer/Xcode/DerivedData/ImagenResizer-gysglmyzblicynfbtkonusozoqqi/Build/Products/Release/include -Xcc -I/Users/christiancepeda/Library/Developer/Xcode/DerivedData/ImagenResizer-gysglmyzblicynfbtkonusozoqqi/Build/Intermediates.noindex/ImagenResizer.build/Release/ImagenResizer.build/DerivedSources-normal/arm64 -Xcc -I/Users/christiancepeda/Library/Developer/Xcode/DerivedData/ImagenResizer-gysglmyzblicynfbtkonusozoqqi/Build/Intermediates.noindex/ImagenResizer.build/Release/ImagenResizer.build/DerivedSources/arm64 -Xcc -I/Users/christiancepeda/Library/Developer/Xcode/DerivedData/ImagenResizer-gysglmyzblicynfbtkonusozoqqi/Build/Intermediates.noindex/ImagenResizer.build/Release/ImagenResizer.build/DerivedSources -emit-objc-header -emit-objc-header-path /Users/christiancepeda/Library/Developer/Xcode/DerivedData/ImagenResizer-gysglmyzblicynfbtkonusozoqqi/Build/Intermediates.noindex/ImagenResizer.build/Release/ImagenResizer.build/Objects-normal/arm64/ImagenResizer-Swift.h -working-directory /Users/christiancepeda/Documents/xcodeProject/ImagenResizer -no-emit-module-separately-wmo
/Users/christiancepeda/Documents/xcodeProject/ImagenResizer/ImagenResizer/MainViewModel.swift:255:32: error: consecutive statements on a line must be separated by ';'
                        fileURL: imageItem.originalURL,
                               ^
                               ;
/Users/christiancepeda/Documents/xcodeProject/ImagenResizer/ImagenResizer/MainViewModel.swift:255:32: error: expected expression
                        fileURL: imageItem.originalURL,
                               ^
/Users/christiancepeda/Documents/xcodeProject/ImagenResizer/ImagenResizer/MainViewModel.swift:255:32: error: Consecutive statements on a line must be separated by ';'
                        fileURL: imageItem.originalURL,
                               ^
                               ; (in target 'ImagenResizer' from project 'ImagenResizer')
/Users/christiancepeda/Documents/xcodeProject/ImagenResizer/ImagenResizer/MainViewModel.swift:255:32: error: Expected expression
                        fileURL: imageItem.originalURL,
                               ^ (in target 'ImagenResizer' from project 'ImagenResizer')

** BUILD FAILED **


The following build commands failed:
	SwiftDriver ImagenResizer normal arm64 com.apple.xcode.tools.swift.compiler (in target 'ImagenResizer' from project 'ImagenResizer')
	Building project ImagenResizer with scheme ImagenResizer
(2 failures)
